\BOOKMARK [1][-]{section.1}{\376\377\000I\000n\000t\000r\000o\000d\000u\000c\000c\000i\000\363\000n}{}% 1
\BOOKMARK [1][-]{section.2}{\376\377\000M\000o\000d\000e\000l\000o\000\040\000d\000e\000l\000\040\000s\000i\000s\000t\000e\000m\000a}{}% 2
\BOOKMARK [1][-]{section.3}{\376\377\000\315\000n\000d\000i\000c\000e\000\040\000d\000e\000\040\000d\000e\000s\000e\000m\000p\000e\000\361\000o}{}% 3
\BOOKMARK [1][-]{section.4}{\376\377\000S\000o\000l\000u\000c\000i\000\363\000n\000\040\000n\000u\000m\000\351\000r\000i\000c\000a}{}% 4
\BOOKMARK [1][-]{section.5}{\376\377\000S\000e\000g\000u\000i\000m\000i\000e\000n\000t\000o\000\040\000d\000e\000\040\000r\000e\000f\000e\000r\000e\000n\000c\000i\000a\000\040\000m\000e\000d\000i\000a\000n\000t\000e\000\040\000c\000a\000m\000b\000i\000o\000\040\000d\000e\000\040\000c\000o\000o\000r\000d\000e\000n\000a\000d\000a\000s}{}% 5
\BOOKMARK [1][-]{section.6}{\376\377\000I\000m\000p\000l\000e\000m\000e\000n\000t\000a\000c\000i\000\363\000n\000\040\000e\000n\000\040\000m\000i\000c\000r\000o\000c\000o\000n\000t\000r\000o\000l\000a\000d\000o\000r}{}% 6
\BOOKMARK [1][-]{section.7}{\376\377\000I\000m\000p\000l\000e\000m\000e\000n\000t\000a\000c\000i\000\363\000n\000\040\000e\000x\000p\000e\000r\000i\000m\000e\000n\000t\000a\000l}{}% 7
\BOOKMARK [1][-]{section.8}{\376\377\000R\000e\000s\000u\000l\000t\000a\000d\000o\000s\000\040\000e\000x\000p\000e\000r\000i\000m\000e\000n\000t\000a\000l\000e\000s\000\040\000y\000\040\000v\000e\000r\000i\000f\000i\000c\000a\000c\000i\000\363\000n\000\040\000d\000e\000\040\000o\000p\000t\000i\000m\000a\000l\000i\000d\000a\000d}{}% 8
\BOOKMARK [2][-]{subsection.8.1}{\376\377\000A\000d\000q\000u\000i\000s\000i\000c\000i\000\363\000n\000\040\000d\000e\000\040\000d\000a\000t\000o\000s\000\040\000e\000x\000p\000e\000r\000i\000m\000e\000n\000t\000a\000l\000e\000s}{section.8}% 9
\BOOKMARK [2][-]{subsection.8.2}{\376\377\000R\000e\000s\000u\000l\000t\000a\000d\000o\000s\000\040\000e\000x\000p\000e\000r\000i\000m\000e\000n\000t\000a\000l\000e\000s}{section.8}% 10
\BOOKMARK [2][-]{subsection.8.3}{\376\377\000C\000\341\000l\000c\000u\000l\000o\000\040\000d\000e\000l\000\040\000\355\000n\000d\000i\000c\000e\000\040\000d\000e\000\040\000d\000e\000s\000e\000m\000p\000e\000\361\000o}{section.8}% 11
\BOOKMARK [2][-]{subsection.8.4}{\376\377\000C\000o\000m\000p\000a\000r\000a\000c\000i\000\363\000n\000\040\000d\000e\000\040\000c\000o\000n\000t\000r\000o\000l\000a\000d\000o\000r\000e\000s}{section.8}% 12
\BOOKMARK [2][-]{subsection.8.5}{\376\377\000D\000i\000s\000c\000u\000s\000i\000\363\000n\000\040\000d\000e\000\040\000r\000e\000s\000u\000l\000t\000a\000d\000o\000s}{section.8}% 13
\BOOKMARK [1][-]{section.9}{\376\377\000C\000o\000n\000c\000l\000u\000s\000i\000\363\000n}{}% 14
\BOOKMARK [1][-]{section*.6}{\376\377\000A\000p\000\351\000n\000d\000i\000c\000e\000s}{}% 15
\BOOKMARK [1][-]{appendix.Alph1}{\376\377\000C\000\363\000d\000i\000g\000o\000s}{}% 16
\BOOKMARK [2][-]{subsection.Alph1.1}{\376\377\000R\000e\000s\000o\000l\000u\000c\000i\000\363\000n\000\040\000n\000u\000m\000\351\000r\000i\000c\000a\000\040\000d\000e\000l\000\040\000c\000o\000n\000t\000r\000o\000l\000a\000d\000o\000r\000\040\000L\000Q\000R}{appendix.Alph1}% 17
\BOOKMARK [2][-]{subsection.Alph1.2}{\376\377\000A\000n\000\341\000l\000i\000s\000i\000s\000\040\000s\000i\000m\000b\000\363\000l\000i\000c\000o\000\040\000d\000e\000\040\000l\000a\000\040\000e\000c\000u\000a\000c\000i\000\363\000n\000\040\000d\000e\000\040\000R\000i\000c\000c\000a\000t\000i}{appendix.Alph1}% 18
\BOOKMARK [2][-]{subsection.Alph1.3}{\376\377\000R\000e\000s\000o\000l\000u\000c\000i\000\363\000n\000\040\000n\000u\000m\000\351\000r\000i\000c\000a\000\040\000d\000e\000l\000\040\000c\000o\000n\000t\000r\000o\000l\000a\000d\000o\000r\000\040\000L\000Q\000I}{appendix.Alph1}% 19
\BOOKMARK [2][-]{subsection.Alph1.4}{\376\377\000I\000m\000p\000l\000e\000m\000e\000n\000t\000a\000c\000i\000\363\000n\000\040\000e\000n\000\040\000m\000i\000c\000r\000o\000c\000o\000n\000t\000r\000o\000l\000a\000d\000o\000r\000\040\000\050\000E\000S\000P\0003\0002\000\051}{appendix.Alph1}% 20
\BOOKMARK [2][-]{subsection.Alph1.5}{\376\377\000M\000o\000n\000i\000t\000o\000r\000\040\000d\000e\000\040\000a\000d\000q\000u\000i\000s\000i\000c\000i\000\363\000n\000\040\000y\000\040\000e\000v\000a\000l\000u\000a\000c\000i\000\363\000n\000\040\000e\000x\000p\000e\000r\000i\000m\000e\000n\000t\000a\000l}{appendix.Alph1}% 21
\BOOKMARK [1][-]{appendix.Alph2}{\376\377\000C\000o\000n\000t\000r\000o\000l\000a\000d\000o\000r\000e\000s}{}% 22
\BOOKMARK [2][-]{subsection.Alph2.1}{\376\377\000C\000o\000n\000t\000r\000o\000l\000\040\000p\000o\000r\000\040\000a\000s\000i\000g\000n\000a\000c\000i\000\363\000n\000\040\000d\000e\000\040\000p\000o\000l\000o\000s}{appendix.Alph2}% 23
\BOOKMARK [2][-]{subsection.Alph2.2}{\376\377\000C\000o\000n\000t\000r\000o\000l\000\040\000i\000n\000t\000e\000g\000r\000a\000l\000\040\000p\000o\000r\000\040\000a\000s\000i\000g\000n\000a\000c\000i\000\363\000n\000\040\000d\000e\000\040\000p\000o\000l\000o\000s}{appendix.Alph2}% 24
\BOOKMARK [2][-]{subsection.Alph2.3}{\376\377\000O\000b\000s\000e\000r\000v\000a\000d\000o\000r\000\040\000d\000e\000\040\000L\000u\000e\000n\000b\000e\000r\000g\000e\000r}{appendix.Alph2}% 25
